2022-03-03 17:57:24,872 - movie_logger - INFO - 가상 브라우저 실행...
2022-03-03 17:57:25,250 - movie_logger - INFO - 네이버 영화 랭킹 1페이지 이동...
2022-03-03 17:57:25,268 - movie_logger - INFO - 1-클라우스 영화 제목 클릭... :
2022-03-03 17:57:26,267 - movie_logger - INFO - 영화 평점 클릭... :
2022-03-03 17:57:26,287 - movie_logger - INFO - 영화 제목 수집 : 클라우스
2022-03-03 17:57:26,307 - movie_logger - INFO - iframe으로 전환
2022-03-03 17:57:26,343 - movie_logger - INFO - 1,클라우스
2022-03-03 17:57:26,372 - movie_logger - INFO - 2,클라우스
2022-03-03 17:57:26,400 - movie_logger - INFO - 3,클라우스
2022-03-03 17:57:26,431 - movie_logger - INFO - 4,클라우스
2022-03-03 17:57:26,468 - movie_logger - INFO - 5,클라우스
2022-03-03 17:57:26,498 - movie_logger - INFO - 6,클라우스
2022-03-03 17:57:26,528 - movie_logger - INFO - 7,클라우스
2022-03-03 17:57:26,557 - movie_logger - INFO - 8,클라우스
2022-03-03 17:57:26,587 - movie_logger - INFO - 9,클라우스
2022-03-03 17:57:26,631 - movie_logger - INFO - 10,클라우스
2022-03-03 17:57:26,770 - movie_logger - INFO - 다음 페이지 클릭
2022-03-03 17:57:26,814 - movie_logger - INFO - 11,클라우스
2022-03-03 17:57:26,844 - movie_logger - INFO - 12,클라우스
2022-03-03 17:57:26,874 - movie_logger - INFO - 13,클라우스
2022-03-03 17:57:26,905 - movie_logger - INFO - 14,클라우스
2022-03-03 17:57:26,936 - movie_logger - INFO - 15,클라우스
2022-03-03 17:57:26,967 - movie_logger - INFO - 16,클라우스
2022-03-03 17:57:26,998 - movie_logger - INFO - 17,클라우스
2022-03-03 17:57:27,029 - movie_logger - INFO - 18,클라우스
2022-03-03 17:57:27,061 - movie_logger - INFO - 19,클라우스
2022-03-03 17:57:27,091 - movie_logger - INFO - 20,클라우스
2022-03-03 17:57:27,236 - movie_logger - INFO - 다음 페이지 클릭
2022-03-03 17:57:27,279 - movie_logger - INFO - 21,클라우스
2022-03-03 17:57:27,312 - movie_logger - INFO - 22,클라우스
2022-03-03 17:57:27,343 - movie_logger - INFO - 23,클라우스
2022-03-03 17:57:27,373 - movie_logger - INFO - 24,클라우스
2022-03-03 17:57:27,404 - movie_logger - INFO - 25,클라우스
2022-03-03 17:57:27,436 - movie_logger - INFO - 26,클라우스
2022-03-03 17:57:27,469 - movie_logger - INFO - 27,클라우스
2022-03-03 17:57:27,499 - movie_logger - INFO - 28,클라우스
2022-03-03 17:57:27,533 - movie_logger - INFO - 29,클라우스
2022-03-03 17:57:27,563 - movie_logger - INFO - 30,클라우스
2022-03-03 17:57:27,700 - movie_logger - INFO - 다음 페이지 클릭
2022-03-03 17:57:27,737 - movie_logger - INFO - 31,클라우스
2022-03-03 17:57:27,766 - movie_logger - INFO - 32,클라우스
2022-03-03 17:57:27,794 - movie_logger - INFO - 33,클라우스
2022-03-03 17:57:27,823 - movie_logger - INFO - 34,클라우스
2022-03-03 17:57:27,854 - movie_logger - INFO - 35,클라우스
2022-03-03 17:57:27,882 - movie_logger - INFO - 36,클라우스
2022-03-03 17:57:27,911 - movie_logger - INFO - 37,클라우스
2022-03-03 17:57:27,941 - movie_logger - INFO - 38,클라우스
2022-03-03 17:57:27,969 - movie_logger - INFO - 39,클라우스
2022-03-03 17:57:27,998 - movie_logger - INFO - 40,클라우스
2022-03-03 17:57:28,126 - movie_logger - INFO - 다음 페이지 클릭
2022-03-03 17:57:28,162 - movie_logger - INFO - 41,클라우스
2022-03-03 17:57:28,193 - movie_logger - INFO - 42,클라우스
2022-03-03 17:57:28,223 - movie_logger - INFO - 43,클라우스
2022-03-03 17:57:28,252 - movie_logger - INFO - 44,클라우스
2022-03-03 17:57:28,281 - movie_logger - INFO - 45,클라우스
2022-03-03 17:57:28,311 - movie_logger - INFO - 46,클라우스
2022-03-03 17:57:28,341 - movie_logger - INFO - 47,클라우스
2022-03-03 17:57:28,371 - movie_logger - INFO - 48,클라우스
2022-03-03 17:57:28,401 - movie_logger - INFO - 49,클라우스
2022-03-03 17:57:28,431 - movie_logger - INFO - 50,클라우스
2022-03-03 17:57:28,567 - movie_logger - INFO - 다음 페이지 클릭
2022-03-03 17:57:28,601 - movie_logger - INFO - 51,클라우스
2022-03-03 17:57:28,633 - movie_logger - INFO - 52,클라우스
2022-03-03 17:57:28,664 - movie_logger - INFO - 53,클라우스
2022-03-03 17:57:28,696 - movie_logger - INFO - 54,클라우스
2022-03-03 17:57:28,724 - movie_logger - INFO - 55,클라우스
2022-03-03 17:57:28,753 - movie_logger - INFO - 56,클라우스
2022-03-03 17:57:28,781 - movie_logger - INFO - 57,클라우스
2022-03-03 17:57:28,810 - movie_logger - INFO - 58,클라우스
2022-03-03 17:57:28,841 - movie_logger - INFO - 59,클라우스
2022-03-03 17:57:28,873 - movie_logger - INFO - 60,클라우스
2022-03-03 17:57:29,016 - movie_logger - INFO - 다음 페이지 클릭
2022-03-03 17:57:29,062 - movie_logger - INFO - 61,클라우스
2022-03-03 17:57:29,093 - movie_logger - INFO - 62,클라우스
2022-03-03 17:57:29,121 - movie_logger - INFO - 63,클라우스
2022-03-03 17:57:29,152 - movie_logger - INFO - 64,클라우스
2022-03-03 17:57:29,184 - movie_logger - INFO - 65,클라우스
2022-03-03 17:57:29,214 - movie_logger - INFO - 66,클라우스
2022-03-03 17:57:29,242 - movie_logger - INFO - 67,클라우스
2022-03-03 17:57:29,271 - movie_logger - INFO - 68,클라우스
2022-03-03 17:57:29,302 - movie_logger - INFO - 69,클라우스
2022-03-03 17:57:29,334 - movie_logger - INFO - 70,클라우스
2022-03-03 17:57:29,472 - movie_logger - INFO - 다음 페이지 클릭
2022-03-03 17:57:29,519 - movie_logger - INFO - 71,클라우스
2022-03-03 17:57:29,551 - movie_logger - INFO - 72,클라우스
2022-03-03 17:57:29,581 - movie_logger - INFO - 73,클라우스
2022-03-03 17:57:29,613 - movie_logger - INFO - 74,클라우스
2022-03-03 17:57:29,643 - movie_logger - INFO - 75,클라우스
2022-03-03 17:57:29,673 - movie_logger - INFO - 76,클라우스
2022-03-03 17:57:29,704 - movie_logger - INFO - 77,클라우스
2022-03-03 17:57:29,734 - movie_logger - INFO - 78,클라우스
2022-03-03 17:57:29,766 - movie_logger - INFO - 79,클라우스
2022-03-03 17:57:29,800 - movie_logger - INFO - 80,클라우스
2022-03-03 17:57:29,933 - movie_logger - INFO - 다음 페이지 클릭
2022-03-03 17:57:29,972 - movie_logger - INFO - 81,클라우스
2022-03-03 17:57:30,005 - movie_logger - INFO - 82,클라우스
2022-03-03 17:57:30,035 - movie_logger - INFO - 83,클라우스
2022-03-03 17:57:30,067 - movie_logger - INFO - 84,클라우스
2022-03-03 17:57:30,097 - movie_logger - INFO - 85,클라우스
2022-03-03 17:57:30,128 - movie_logger - INFO - 86,클라우스
2022-03-03 17:57:30,159 - movie_logger - INFO - 87,클라우스
2022-03-03 17:57:30,189 - movie_logger - INFO - 88,클라우스
2022-03-03 17:57:30,221 - movie_logger - INFO - 89,클라우스
2022-03-03 17:57:30,253 - movie_logger - INFO - 90,클라우스
2022-03-03 17:57:30,386 - movie_logger - INFO - 다음 페이지 클릭
2022-03-03 17:57:30,421 - movie_logger - INFO - 91,클라우스
2022-03-03 17:57:30,455 - movie_logger - INFO - 92,클라우스
2022-03-03 17:57:30,489 - movie_logger - INFO - 93,클라우스
2022-03-03 17:57:30,519 - movie_logger - INFO - 94,클라우스
2022-03-03 17:57:30,549 - movie_logger - INFO - 95,클라우스
2022-03-03 17:57:30,579 - movie_logger - INFO - 96,클라우스
2022-03-03 17:57:30,608 - movie_logger - INFO - 97,클라우스
2022-03-03 17:57:30,640 - movie_logger - INFO - 98,클라우스
2022-03-03 17:57:30,671 - movie_logger - INFO - 99,클라우스
2022-03-03 17:57:30,704 - movie_logger - INFO - 100,클라우스
2022-03-03 17:57:30,836 - movie_logger - INFO - 다음 페이지 클릭
2022-03-03 17:57:30,872 - movie_logger - INFO - 101,클라우스
2022-03-03 17:57:30,908 - movie_logger - INFO - 102,클라우스
2022-03-03 17:57:30,939 - movie_logger - INFO - 103,클라우스
2022-03-03 17:57:30,972 - movie_logger - INFO - 104,클라우스
2022-03-03 17:57:31,004 - movie_logger - INFO - 105,클라우스
2022-03-03 17:57:31,035 - movie_logger - INFO - 106,클라우스
2022-03-03 17:57:31,067 - movie_logger - INFO - 107,클라우스
2022-03-03 17:57:31,098 - movie_logger - INFO - 108,클라우스
2022-03-03 17:57:31,130 - movie_logger - INFO - 109,클라우스
2022-03-03 17:57:31,162 - movie_logger - INFO - 110,클라우스
2022-03-03 17:57:31,298 - movie_logger - INFO - 다음 페이지 클릭
2022-03-03 17:57:31,336 - movie_logger - INFO - 111,클라우스
2022-03-03 17:57:31,370 - movie_logger - INFO - 112,클라우스
2022-03-03 17:57:31,402 - movie_logger - INFO - 113,클라우스
2022-03-03 17:57:31,434 - movie_logger - INFO - 114,클라우스
2022-03-03 17:57:31,467 - movie_logger - INFO - 115,클라우스
2022-03-03 17:57:31,499 - movie_logger - INFO - 116,클라우스
2022-03-03 17:57:31,533 - movie_logger - INFO - 117,클라우스
2022-03-03 17:57:31,566 - movie_logger - INFO - 118,클라우스
2022-03-03 17:57:31,600 - movie_logger - INFO - 119,클라우스
2022-03-03 17:57:31,634 - movie_logger - INFO - 120,클라우스
2022-03-03 17:57:31,764 - movie_logger - INFO - 다음 페이지 클릭
2022-03-03 17:57:31,808 - movie_logger - INFO - 121,클라우스
2022-03-03 17:57:31,841 - movie_logger - INFO - 122,클라우스
2022-03-03 17:57:31,872 - movie_logger - INFO - 123,클라우스
2022-03-03 17:57:31,905 - movie_logger - INFO - 124,클라우스
2022-03-03 17:57:31,937 - movie_logger - INFO - 125,클라우스
2022-03-03 17:57:31,969 - movie_logger - INFO - 126,클라우스
2022-03-03 17:57:32,002 - movie_logger - INFO - 127,클라우스
2022-03-03 17:57:32,037 - movie_logger - INFO - 128,클라우스
2022-03-03 17:57:32,071 - movie_logger - INFO - 129,클라우스
2022-03-03 17:57:32,105 - movie_logger - INFO - 130,클라우스
2022-03-03 17:57:32,231 - movie_logger - INFO - 다음 페이지 클릭
2022-03-03 17:57:32,270 - movie_logger - INFO - 131,클라우스
2022-03-03 17:57:32,306 - movie_logger - INFO - 132,클라우스
2022-03-03 17:57:32,339 - movie_logger - INFO - 133,클라우스
2022-03-03 17:57:32,371 - movie_logger - INFO - 134,클라우스
2022-03-03 17:57:32,403 - movie_logger - INFO - 135,클라우스
2022-03-03 17:57:32,436 - movie_logger - INFO - 136,클라우스
2022-03-03 17:57:32,469 - movie_logger - INFO - 137,클라우스
2022-03-03 17:57:32,502 - movie_logger - INFO - 138,클라우스
2022-03-03 17:57:32,536 - movie_logger - INFO - 139,클라우스
2022-03-03 17:57:32,569 - movie_logger - INFO - 140,클라우스
2022-03-03 17:57:32,701 - movie_logger - INFO - 다음 페이지 클릭
2022-03-03 17:57:32,742 - movie_logger - INFO - 141,클라우스
2022-03-03 17:57:32,776 - movie_logger - INFO - 142,클라우스
2022-03-03 17:57:32,807 - movie_logger - INFO - 143,클라우스
2022-03-03 17:57:32,839 - movie_logger - INFO - 144,클라우스
2022-03-03 17:57:32,873 - movie_logger - INFO - 145,클라우스
2022-03-03 17:57:32,906 - movie_logger - INFO - 146,클라우스
2022-03-03 17:57:32,939 - movie_logger - INFO - 147,클라우스
2022-03-03 17:57:32,972 - movie_logger - INFO - 148,클라우스
2022-03-03 17:57:33,007 - movie_logger - INFO - 149,클라우스
2022-03-03 17:57:33,041 - movie_logger - INFO - 150,클라우스
2022-03-03 17:57:33,173 - movie_logger - INFO - 다음 페이지 클릭
2022-03-03 17:57:33,218 - movie_logger - INFO - 151,클라우스
2022-03-03 17:57:33,253 - movie_logger - INFO - 152,클라우스
2022-03-03 17:57:33,285 - movie_logger - INFO - 153,클라우스
2022-03-03 17:57:33,318 - movie_logger - INFO - 154,클라우스
2022-03-03 17:57:33,351 - movie_logger - INFO - 155,클라우스
2022-03-03 17:57:33,388 - movie_logger - INFO - 156,클라우스
2022-03-03 17:57:33,424 - movie_logger - INFO - 157,클라우스
2022-03-03 17:57:33,461 - movie_logger - INFO - 158,클라우스
2022-03-03 17:57:33,496 - movie_logger - INFO - 159,클라우스
2022-03-03 17:57:33,530 - movie_logger - INFO - 160,클라우스
2022-03-03 17:57:33,666 - movie_logger - INFO - 다음 페이지 클릭
2022-03-03 17:57:33,708 - movie_logger - INFO - 161,클라우스
2022-03-03 17:57:33,756 - movie_logger - INFO - 162,클라우스
2022-03-03 17:57:33,799 - movie_logger - INFO - 163,클라우스
2022-03-03 17:57:33,834 - movie_logger - INFO - 164,클라우스
2022-03-03 17:57:33,868 - movie_logger - INFO - 165,클라우스
2022-03-03 17:57:33,903 - movie_logger - INFO - 166,클라우스
2022-03-03 17:57:33,941 - movie_logger - INFO - 167,클라우스
2022-03-03 17:57:33,977 - movie_logger - INFO - 168,클라우스
2022-03-03 17:57:34,013 - movie_logger - INFO - 169,클라우스
2022-03-03 17:57:34,052 - movie_logger - INFO - 170,클라우스
2022-03-03 17:57:34,284 - movie_logger - INFO - 다음 페이지 클릭
2022-03-03 17:57:34,348 - movie_logger - INFO - 171,클라우스
2022-03-03 17:57:34,393 - movie_logger - INFO - 172,클라우스
2022-03-03 17:57:34,434 - movie_logger - INFO - 173,클라우스
2022-03-03 17:57:34,470 - movie_logger - INFO - 174,클라우스
2022-03-03 17:57:34,510 - movie_logger - INFO - 175,클라우스
2022-03-03 17:57:34,546 - movie_logger - INFO - 176,클라우스
2022-03-03 17:57:34,583 - movie_logger - INFO - 177,클라우스
2022-03-03 17:57:34,623 - movie_logger - INFO - 178,클라우스
2022-03-03 17:57:34,662 - movie_logger - INFO - 179,클라우스
2022-03-03 17:57:34,698 - movie_logger - INFO - 180,클라우스
2022-03-03 17:57:34,835 - movie_logger - INFO - 다음 페이지 클릭
2022-03-03 17:57:34,879 - movie_logger - INFO - 181,클라우스
2022-03-03 17:57:34,918 - movie_logger - INFO - 182,클라우스
2022-03-03 17:57:34,955 - movie_logger - INFO - 183,클라우스
2022-03-03 17:57:34,990 - movie_logger - INFO - 184,클라우스
2022-03-03 17:57:35,026 - movie_logger - INFO - 185,클라우스
2022-03-03 17:57:35,061 - movie_logger - INFO - 186,클라우스
2022-03-03 17:57:35,096 - movie_logger - INFO - 187,클라우스
2022-03-03 17:57:35,132 - movie_logger - INFO - 188,클라우스
2022-03-03 17:57:35,167 - movie_logger - INFO - 189,클라우스
2022-03-03 17:57:35,202 - movie_logger - INFO - 190,클라우스
2022-03-03 17:57:35,339 - movie_logger - INFO - 다음 페이지 클릭
2022-03-03 17:57:35,381 - movie_logger - INFO - 191,클라우스
2022-03-03 17:57:35,424 - movie_logger - INFO - 192,클라우스
2022-03-03 17:57:35,461 - movie_logger - INFO - 193,클라우스
2022-03-03 17:57:35,498 - movie_logger - INFO - 194,클라우스
2022-03-03 17:57:35,536 - movie_logger - INFO - 195,클라우스
2022-03-03 17:57:35,575 - movie_logger - INFO - 196,클라우스
2022-03-03 17:57:35,613 - movie_logger - INFO - 197,클라우스
2022-03-03 17:57:35,649 - movie_logger - INFO - 198,클라우스
2022-03-03 17:57:35,685 - movie_logger - INFO - 199,클라우스
2022-03-03 17:57:35,719 - movie_logger - INFO - 200,클라우스
2022-03-03 17:57:35,858 - movie_logger - INFO - 다음 페이지 클릭
2022-03-03 17:57:35,898 - movie_logger - INFO - 201,클라우스
2022-03-03 17:57:35,934 - movie_logger - INFO - 202,클라우스
2022-03-03 17:57:35,970 - movie_logger - INFO - 203,클라우스
2022-03-03 17:57:36,004 - movie_logger - INFO - 204,클라우스
2022-03-03 17:57:36,041 - movie_logger - INFO - 205,클라우스
2022-03-03 17:57:36,077 - movie_logger - INFO - 206,클라우스
2022-03-03 17:57:36,113 - movie_logger - INFO - 207,클라우스
2022-03-03 17:57:36,151 - movie_logger - INFO - 208,클라우스
2022-03-03 17:57:36,188 - movie_logger - INFO - 209,클라우스
2022-03-03 17:57:36,226 - movie_logger - INFO - 210,클라우스
2022-03-03 17:57:36,364 - movie_logger - INFO - 다음 페이지 클릭
2022-03-03 17:57:36,408 - movie_logger - INFO - 211,클라우스
2022-03-03 17:57:36,446 - movie_logger - INFO - 212,클라우스
2022-03-03 17:57:36,487 - movie_logger - INFO - 213,클라우스
2022-03-03 17:57:36,523 - movie_logger - INFO - 214,클라우스
2022-03-03 17:57:36,558 - movie_logger - INFO - 215,클라우스
2022-03-03 17:57:36,596 - movie_logger - INFO - 216,클라우스
2022-03-03 17:57:36,637 - movie_logger - INFO - 217,클라우스
2022-03-03 17:57:36,679 - movie_logger - INFO - 218,클라우스
2022-03-03 17:57:36,717 - movie_logger - INFO - 219,클라우스
2022-03-03 17:57:36,754 - movie_logger - INFO - 220,클라우스
2022-03-03 17:57:36,888 - movie_logger - INFO - 다음 페이지 클릭
2022-03-03 17:57:36,930 - movie_logger - INFO - 221,클라우스
2022-03-03 17:57:36,978 - movie_logger - INFO - 222,클라우스
2022-03-03 17:57:37,036 - movie_logger - INFO - 223,클라우스
2022-03-03 17:57:37,073 - movie_logger - INFO - 224,클라우스
2022-03-03 17:57:37,110 - movie_logger - INFO - 225,클라우스
2022-03-03 17:57:37,145 - movie_logger - INFO - 226,클라우스
2022-03-03 17:57:37,179 - movie_logger - INFO - 227,클라우스
2022-03-03 17:57:37,217 - movie_logger - INFO - 228,클라우스
2022-03-03 17:57:37,254 - movie_logger - INFO - 229,클라우스
2022-03-03 17:57:37,290 - movie_logger - INFO - 230,클라우스
2022-03-03 17:57:37,428 - movie_logger - INFO - 다음 페이지 클릭
2022-03-03 17:57:37,471 - movie_logger - INFO - 231,클라우스
2022-03-03 17:57:37,507 - movie_logger - INFO - 232,클라우스
2022-03-03 17:57:37,547 - movie_logger - INFO - 233,클라우스
2022-03-03 17:57:37,581 - movie_logger - INFO - 234,클라우스
2022-03-03 17:57:37,617 - movie_logger - INFO - 235,클라우스
2022-03-03 17:57:37,653 - movie_logger - INFO - 236,클라우스
2022-03-03 17:57:37,691 - movie_logger - INFO - 237,클라우스
2022-03-03 17:57:37,730 - movie_logger - INFO - 238,클라우스
2022-03-03 17:57:37,768 - movie_logger - INFO - 239,클라우스
2022-03-03 17:57:37,805 - movie_logger - INFO - 240,클라우스
2022-03-03 17:57:37,937 - movie_logger - INFO - 다음 페이지 클릭
2022-03-03 17:57:37,979 - movie_logger - INFO - 241,클라우스
2022-03-03 17:57:38,018 - movie_logger - INFO - 242,클라우스
2022-03-03 17:57:38,055 - movie_logger - INFO - 243,클라우스
2022-03-03 17:57:38,092 - movie_logger - INFO - 244,클라우스
2022-03-03 17:57:38,129 - movie_logger - INFO - 245,클라우스
2022-03-03 17:57:38,164 - movie_logger - INFO - 246,클라우스
2022-03-03 17:57:38,202 - movie_logger - INFO - 247,클라우스
2022-03-03 17:57:38,239 - movie_logger - INFO - 248,클라우스
2022-03-03 17:57:38,277 - movie_logger - INFO - 249,클라우스
2022-03-03 17:57:38,315 - movie_logger - INFO - 250,클라우스
2022-03-03 17:57:38,448 - movie_logger - INFO - 다음 페이지 클릭
2022-03-03 17:57:38,491 - movie_logger - INFO - 251,클라우스
2022-03-03 17:57:38,529 - movie_logger - INFO - 252,클라우스
2022-03-03 17:57:38,566 - movie_logger - INFO - 253,클라우스
2022-03-03 17:57:38,602 - movie_logger - INFO - 254,클라우스
2022-03-03 17:57:38,638 - movie_logger - INFO - 255,클라우스
2022-03-03 17:57:38,676 - movie_logger - INFO - 256,클라우스
2022-03-03 17:57:38,716 - movie_logger - INFO - 257,클라우스
2022-03-03 17:57:38,756 - movie_logger - INFO - 258,클라우스
2022-03-03 17:57:38,794 - movie_logger - INFO - 259,클라우스
2022-03-03 17:57:38,834 - movie_logger - INFO - 260,클라우스
2022-03-03 17:57:38,970 - movie_logger - INFO - 다음 페이지 클릭
2022-03-03 17:57:39,014 - movie_logger - INFO - 261,클라우스
2022-03-03 17:57:39,052 - movie_logger - INFO - 262,클라우스
2022-03-03 17:57:39,089 - movie_logger - INFO - 263,클라우스
2022-03-03 17:57:39,125 - movie_logger - INFO - 264,클라우스
2022-03-03 17:57:39,162 - movie_logger - INFO - 265,클라우스
2022-03-03 17:57:39,199 - movie_logger - INFO - 266,클라우스
2022-03-03 17:57:39,236 - movie_logger - INFO - 267,클라우스
2022-03-03 17:57:39,274 - movie_logger - INFO - 268,클라우스
2022-03-03 17:57:39,315 - movie_logger - INFO - 269,클라우스
2022-03-03 17:57:39,353 - movie_logger - INFO - 270,클라우스
2022-03-03 17:57:39,484 - movie_logger - INFO - 다음 페이지 클릭
2022-03-03 17:57:39,530 - movie_logger - INFO - 271,클라우스
2022-03-03 17:57:39,570 - movie_logger - INFO - 272,클라우스
2022-03-03 17:57:39,610 - movie_logger - INFO - 273,클라우스
2022-03-03 17:57:39,647 - movie_logger - INFO - 274,클라우스
2022-03-03 17:57:39,683 - movie_logger - INFO - 275,클라우스
2022-03-03 17:57:39,720 - movie_logger - INFO - 276,클라우스
2022-03-03 17:57:39,757 - movie_logger - INFO - 277,클라우스
2022-03-03 17:57:39,799 - movie_logger - INFO - 278,클라우스
2022-03-03 17:57:39,846 - movie_logger - INFO - 279,클라우스
2022-03-03 17:57:39,884 - movie_logger - INFO - 280,클라우스
2022-03-03 17:57:40,030 - movie_logger - INFO - 다음 페이지 클릭
2022-03-03 17:57:40,076 - movie_logger - INFO - 281,클라우스
2022-03-03 17:57:40,114 - movie_logger - INFO - 282,클라우스
2022-03-03 17:57:40,152 - movie_logger - INFO - 283,클라우스
2022-03-03 17:57:40,191 - movie_logger - INFO - 284,클라우스
2022-03-03 17:57:40,229 - movie_logger - INFO - 285,클라우스
2022-03-03 17:57:40,266 - movie_logger - INFO - 286,클라우스
2022-03-03 17:57:40,304 - movie_logger - INFO - 287,클라우스
2022-03-03 17:57:40,343 - movie_logger - INFO - 288,클라우스
2022-03-03 17:57:40,385 - movie_logger - INFO - 289,클라우스
2022-03-03 17:57:40,424 - movie_logger - INFO - 290,클라우스
2022-03-03 17:57:40,546 - movie_logger - INFO - 다음 페이지 클릭
2022-03-03 17:57:40,597 - movie_logger - INFO - 291,클라우스
2022-03-03 17:57:40,637 - movie_logger - INFO - 292,클라우스
2022-03-03 17:57:40,675 - movie_logger - INFO - 293,클라우스
2022-03-03 17:57:40,712 - movie_logger - INFO - 294,클라우스
2022-03-03 17:57:40,751 - movie_logger - INFO - 295,클라우스
2022-03-03 17:57:40,788 - movie_logger - INFO - 296,클라우스
2022-03-03 17:57:40,828 - movie_logger - INFO - 297,클라우스
2022-03-03 17:57:40,867 - movie_logger - INFO - 298,클라우스
2022-03-03 17:57:40,906 - movie_logger - INFO - 299,클라우스
2022-03-03 17:57:40,946 - movie_logger - INFO - 300,클라우스
2022-03-03 17:57:41,071 - movie_logger - INFO - 다음 페이지 클릭
2022-03-03 17:57:41,117 - movie_logger - INFO - 301,클라우스
2022-03-03 17:57:41,157 - movie_logger - INFO - 302,클라우스
2022-03-03 17:57:41,196 - movie_logger - INFO - 303,클라우스
2022-03-03 17:57:41,235 - movie_logger - INFO - 304,클라우스
2022-03-03 17:57:41,273 - movie_logger - INFO - 305,클라우스
2022-03-03 17:57:41,311 - movie_logger - INFO - 306,클라우스
2022-03-03 17:57:41,315 - movie_logger - ERROR - 클라우스 수집완료...
2022-03-03 17:57:41,497 - movie_logger - INFO - 네이버 영화 랭킹 1페이지 이동...
2022-03-03 17:57:41,519 - movie_logger - INFO - 2-장민호 드라마 최종회 영화 제목 클릭... :
2022-03-03 17:57:42,248 - movie_logger - INFO - 영화 평점 클릭... :
2022-03-03 17:57:42,271 - movie_logger - INFO - 영화 제목 수집 : 장민호 드라마 최종회
2022-03-03 17:57:42,304 - movie_logger - INFO - iframe으로 전환
2022-03-03 17:57:42,364 - movie_logger - INFO - 1,장민호 드라마 최종회
2022-03-03 17:57:42,403 - movie_logger - INFO - 2,장민호 드라마 최종회
2022-03-03 17:57:42,443 - movie_logger - INFO - 3,장민호 드라마 최종회
2022-03-03 17:57:42,483 - movie_logger - INFO - 4,장민호 드라마 최종회
2022-03-03 17:57:42,523 - movie_logger - INFO - 5,장민호 드라마 최종회
2022-03-03 17:57:42,563 - movie_logger - INFO - 6,장민호 드라마 최종회
2022-03-03 17:57:42,603 - movie_logger - INFO - 7,장민호 드라마 최종회
2022-03-03 17:57:42,645 - movie_logger - INFO - 8,장민호 드라마 최종회
2022-03-03 17:57:42,685 - movie_logger - INFO - 9,장민호 드라마 최종회
2022-03-03 17:57:42,724 - movie_logger - INFO - 10,장민호 드라마 최종회
2022-03-03 17:57:42,847 - movie_logger - INFO - 다음 페이지 클릭
2022-03-03 17:57:42,898 - movie_logger - INFO - 11,장민호 드라마 최종회
2022-03-03 17:57:42,941 - movie_logger - INFO - 12,장민호 드라마 최종회
2022-03-03 17:57:42,985 - movie_logger - INFO - 13,장민호 드라마 최종회
2022-03-03 17:57:43,024 - movie_logger - INFO - 14,장민호 드라마 최종회
2022-03-03 17:57:43,067 - movie_logger - INFO - 15,장민호 드라마 최종회
2022-03-03 17:57:43,111 - movie_logger - INFO - 16,장민호 드라마 최종회
2022-03-03 17:57:43,153 - movie_logger - INFO - 17,장민호 드라마 최종회
2022-03-03 17:57:43,194 - movie_logger - INFO - 18,장민호 드라마 최종회
2022-03-03 17:57:43,234 - movie_logger - INFO - 19,장민호 드라마 최종회
2022-03-03 17:57:43,275 - movie_logger - INFO - 20,장민호 드라마 최종회
2022-03-03 17:57:43,404 - movie_logger - INFO - 다음 페이지 클릭
2022-03-03 17:57:43,450 - movie_logger - INFO - 21,장민호 드라마 최종회
2022-03-03 17:57:43,490 - movie_logger - INFO - 22,장민호 드라마 최종회
2022-03-03 17:57:43,526 - movie_logger - INFO - 23,장민호 드라마 최종회
2022-03-03 17:57:43,564 - movie_logger - INFO - 24,장민호 드라마 최종회
2022-03-03 17:57:43,600 - movie_logger - INFO - 25,장민호 드라마 최종회
2022-03-03 17:57:43,638 - movie_logger - INFO - 26,장민호 드라마 최종회
2022-03-03 17:57:43,677 - movie_logger - INFO - 27,장민호 드라마 최종회
2022-03-03 17:57:43,717 - movie_logger - INFO - 28,장민호 드라마 최종회
2022-03-03 17:57:43,758 - movie_logger - INFO - 29,장민호 드라마 최종회
2022-03-03 17:57:43,798 - movie_logger - INFO - 30,장민호 드라마 최종회
2022-03-03 17:57:43,932 - movie_logger - INFO - 다음 페이지 클릭
2022-03-03 17:57:43,977 - movie_logger - INFO - 31,장민호 드라마 최종회
2022-03-03 17:57:44,019 - movie_logger - INFO - 32,장민호 드라마 최종회
2022-03-03 17:57:44,057 - movie_logger - INFO - 33,장민호 드라마 최종회
2022-03-03 17:57:44,094 - movie_logger - INFO - 34,장민호 드라마 최종회
2022-03-03 17:57:44,133 - movie_logger - INFO - 35,장민호 드라마 최종회
2022-03-03 17:57:44,170 - movie_logger - INFO - 36,장민호 드라마 최종회
2022-03-03 17:57:44,209 - movie_logger - INFO - 37,장민호 드라마 최종회
2022-03-03 17:57:44,249 - movie_logger - INFO - 38,장민호 드라마 최종회
2022-03-03 17:57:44,293 - movie_logger - INFO - 39,장민호 드라마 최종회
2022-03-03 17:57:44,332 - movie_logger - INFO - 40,장민호 드라마 최종회
2022-03-03 17:57:44,484 - movie_logger - INFO - 다음 페이지 클릭
2022-03-03 17:57:44,534 - movie_logger - INFO - 41,장민호 드라마 최종회
2022-03-03 17:57:44,576 - movie_logger - INFO - 42,장민호 드라마 최종회
2022-03-03 17:57:44,615 - movie_logger - INFO - 43,장민호 드라마 최종회
2022-03-03 17:57:44,655 - movie_logger - INFO - 44,장민호 드라마 최종회
2022-03-03 17:57:44,695 - movie_logger - INFO - 45,장민호 드라마 최종회
2022-03-03 17:57:44,732 - movie_logger - INFO - 46,장민호 드라마 최종회
2022-03-03 17:57:44,771 - movie_logger - INFO - 47,장민호 드라마 최종회
2022-03-03 17:57:44,811 - movie_logger - INFO - 48,장민호 드라마 최종회
2022-03-03 17:57:44,850 - movie_logger - INFO - 49,장민호 드라마 최종회
2022-03-03 17:57:44,889 - movie_logger - INFO - 50,장민호 드라마 최종회
2022-03-03 17:57:45,024 - movie_logger - INFO - 다음 페이지 클릭
2022-03-03 17:57:45,073 - movie_logger - INFO - 51,장민호 드라마 최종회
2022-03-03 17:57:45,111 - movie_logger - INFO - 52,장민호 드라마 최종회
2022-03-03 17:57:45,150 - movie_logger - INFO - 53,장민호 드라마 최종회
2022-03-03 17:57:45,189 - movie_logger - INFO - 54,장민호 드라마 최종회
2022-03-03 17:57:45,227 - movie_logger - INFO - 55,장민호 드라마 최종회
2022-03-03 17:57:45,265 - movie_logger - INFO - 56,장민호 드라마 최종회
2022-03-03 17:57:45,307 - movie_logger - INFO - 57,장민호 드라마 최종회
2022-03-03 17:57:45,347 - movie_logger - INFO - 58,장민호 드라마 최종회
2022-03-03 17:57:45,390 - movie_logger - INFO - 59,장민호 드라마 최종회
2022-03-03 17:57:45,430 - movie_logger - INFO - 60,장민호 드라마 최종회
2022-03-03 17:57:45,568 - movie_logger - INFO - 다음 페이지 클릭
2022-03-03 17:57:45,613 - movie_logger - INFO - 61,장민호 드라마 최종회
2022-03-03 17:57:45,652 - movie_logger - INFO - 62,장민호 드라마 최종회
2022-03-03 17:57:45,692 - movie_logger - INFO - 63,장민호 드라마 최종회
2022-03-03 17:57:45,731 - movie_logger - INFO - 64,장민호 드라마 최종회
2022-03-03 17:57:45,769 - movie_logger - INFO - 65,장민호 드라마 최종회
2022-03-03 17:57:45,807 - movie_logger - INFO - 66,장민호 드라마 최종회
2022-03-03 17:57:45,848 - movie_logger - INFO - 67,장민호 드라마 최종회
2022-03-03 17:57:45,888 - movie_logger - INFO - 68,장민호 드라마 최종회
2022-03-03 17:57:45,930 - movie_logger - INFO - 69,장민호 드라마 최종회
2022-03-03 17:57:45,971 - movie_logger - INFO - 70,장민호 드라마 최종회
2022-03-03 17:57:46,125 - movie_logger - INFO - 다음 페이지 클릭
2022-03-03 17:57:46,170 - movie_logger - INFO - 71,장민호 드라마 최종회
2022-03-03 17:57:46,211 - movie_logger - INFO - 72,장민호 드라마 최종회
2022-03-03 17:57:46,252 - movie_logger - INFO - 73,장민호 드라마 최종회
2022-03-03 17:57:46,292 - movie_logger - INFO - 74,장민호 드라마 최종회
2022-03-03 17:57:46,331 - movie_logger - INFO - 75,장민호 드라마 최종회
2022-03-03 17:57:46,371 - movie_logger - INFO - 76,장민호 드라마 최종회
2022-03-03 17:57:46,415 - movie_logger - INFO - 77,장민호 드라마 최종회
2022-03-03 17:57:46,459 - movie_logger - INFO - 78,장민호 드라마 최종회
2022-03-03 17:57:46,500 - movie_logger - INFO - 79,장민호 드라마 최종회
2022-03-03 17:57:46,540 - movie_logger - INFO - 80,장민호 드라마 최종회
2022-03-03 17:57:46,673 - movie_logger - INFO - 다음 페이지 클릭
2022-03-03 17:57:46,722 - movie_logger - INFO - 81,장민호 드라마 최종회
2022-03-03 17:57:46,762 - movie_logger - INFO - 82,장민호 드라마 최종회
2022-03-03 17:57:46,801 - movie_logger - INFO - 83,장민호 드라마 최종회
2022-03-03 17:57:46,840 - movie_logger - INFO - 84,장민호 드라마 최종회
2022-03-03 17:57:46,880 - movie_logger - INFO - 85,장민호 드라마 최종회
2022-03-03 17:57:46,918 - movie_logger - INFO - 86,장민호 드라마 최종회
2022-03-03 17:57:46,960 - movie_logger - INFO - 87,장민호 드라마 최종회
2022-03-03 17:57:47,003 - movie_logger - INFO - 88,장민호 드라마 최종회
2022-03-03 17:57:47,044 - movie_logger - INFO - 89,장민호 드라마 최종회
2022-03-03 17:57:47,093 - movie_logger - INFO - 90,장민호 드라마 최종회
2022-03-03 17:57:47,234 - movie_logger - INFO - 다음 페이지 클릭
2022-03-03 17:57:47,281 - movie_logger - INFO - 91,장민호 드라마 최종회
2022-03-03 17:57:47,324 - movie_logger - INFO - 92,장민호 드라마 최종회
2022-03-03 17:57:47,364 - movie_logger - INFO - 93,장민호 드라마 최종회
2022-03-03 17:57:47,403 - movie_logger - INFO - 94,장민호 드라마 최종회
2022-03-03 17:57:47,443 - movie_logger - INFO - 95,장민호 드라마 최종회
2022-03-03 17:57:47,482 - movie_logger - INFO - 96,장민호 드라마 최종회
2022-03-03 17:57:47,522 - movie_logger - INFO - 97,장민호 드라마 최종회
2022-03-03 17:57:47,566 - movie_logger - INFO - 98,장민호 드라마 최종회
2022-03-03 17:57:47,609 - movie_logger - INFO - 99,장민호 드라마 최종회
2022-03-03 17:57:47,653 - movie_logger - INFO - 100,장민호 드라마 최종회
2022-03-03 17:57:47,790 - movie_logger - INFO - 다음 페이지 클릭
2022-03-03 17:57:47,838 - movie_logger - INFO - 101,장민호 드라마 최종회
2022-03-03 17:57:47,879 - movie_logger - INFO - 102,장민호 드라마 최종회
2022-03-03 17:57:47,921 - movie_logger - INFO - 103,장민호 드라마 최종회
2022-03-03 17:57:47,960 - movie_logger - INFO - 104,장민호 드라마 최종회
2022-03-03 17:57:47,999 - movie_logger - INFO - 105,장민호 드라마 최종회
2022-03-03 17:57:48,038 - movie_logger - INFO - 106,장민호 드라마 최종회
2022-03-03 17:57:48,080 - movie_logger - INFO - 107,장민호 드라마 최종회
2022-03-03 17:57:48,122 - movie_logger - INFO - 108,장민호 드라마 최종회
2022-03-03 17:57:48,165 - movie_logger - INFO - 109,장민호 드라마 최종회
2022-03-03 17:57:48,204 - movie_logger - INFO - 110,장민호 드라마 최종회
2022-03-03 17:57:48,333 - movie_logger - INFO - 다음 페이지 클릭
2022-03-03 17:57:48,385 - movie_logger - INFO - 111,장민호 드라마 최종회
2022-03-03 17:57:48,428 - movie_logger - INFO - 112,장민호 드라마 최종회
2022-03-03 17:57:48,472 - movie_logger - INFO - 113,장민호 드라마 최종회
2022-03-03 17:57:48,512 - movie_logger - INFO - 114,장민호 드라마 최종회
2022-03-03 17:57:48,553 - movie_logger - INFO - 115,장민호 드라마 최종회
2022-03-03 17:57:48,594 - movie_logger - INFO - 116,장민호 드라마 최종회
2022-03-03 17:57:48,634 - movie_logger - INFO - 117,장민호 드라마 최종회
2022-03-03 17:57:48,677 - movie_logger - INFO - 118,장민호 드라마 최종회
2022-03-03 17:57:48,718 - movie_logger - INFO - 119,장민호 드라마 최종회
2022-03-03 17:57:48,758 - movie_logger - INFO - 120,장민호 드라마 최종회
2022-03-03 17:57:48,889 - movie_logger - INFO - 다음 페이지 클릭
2022-03-03 17:57:48,945 - movie_logger - INFO - 121,장민호 드라마 최종회
2022-03-03 17:57:48,988 - movie_logger - INFO - 122,장민호 드라마 최종회
2022-03-03 17:57:49,029 - movie_logger - INFO - 123,장민호 드라마 최종회
2022-03-03 17:57:49,068 - movie_logger - INFO - 124,장민호 드라마 최종회
2022-03-03 17:57:49,109 - movie_logger - INFO - 125,장민호 드라마 최종회
2022-03-03 17:57:49,148 - movie_logger - INFO - 126,장민호 드라마 최종회
2022-03-03 17:57:49,193 - movie_logger - INFO - 127,장민호 드라마 최종회
2022-03-03 17:57:49,234 - movie_logger - INFO - 128,장민호 드라마 최종회
2022-03-03 17:57:49,279 - movie_logger - INFO - 129,장민호 드라마 최종회
2022-03-03 17:57:49,321 - movie_logger - INFO - 130,장민호 드라마 최종회
2022-03-03 17:57:49,456 - movie_logger - INFO - 다음 페이지 클릭
2022-03-03 17:57:49,506 - movie_logger - INFO - 131,장민호 드라마 최종회
2022-03-03 17:57:49,551 - movie_logger - INFO - 132,장민호 드라마 최종회
2022-03-03 17:57:49,596 - movie_logger - INFO - 133,장민호 드라마 최종회
2022-03-03 17:57:49,638 - movie_logger - INFO - 134,장민호 드라마 최종회
2022-03-03 17:57:49,679 - movie_logger - INFO - 135,장민호 드라마 최종회
2022-03-03 17:57:49,721 - movie_logger - INFO - 136,장민호 드라마 최종회
2022-03-03 17:57:49,763 - movie_logger - INFO - 137,장민호 드라마 최종회
2022-03-03 17:57:49,806 - movie_logger - INFO - 138,장민호 드라마 최종회
2022-03-03 17:57:49,848 - movie_logger - INFO - 139,장민호 드라마 최종회
2022-03-03 17:57:49,890 - movie_logger - INFO - 140,장민호 드라마 최종회
2022-03-03 17:57:50,023 - movie_logger - INFO - 다음 페이지 클릭
2022-03-03 17:57:50,072 - movie_logger - INFO - 141,장민호 드라마 최종회
2022-03-03 17:57:50,116 - movie_logger - INFO - 142,장민호 드라마 최종회
2022-03-03 17:57:50,158 - movie_logger - INFO - 143,장민호 드라마 최종회
2022-03-03 17:57:50,199 - movie_logger - INFO - 144,장민호 드라마 최종회
2022-03-03 17:57:50,240 - movie_logger - INFO - 145,장민호 드라마 최종회
2022-03-03 17:57:50,282 - movie_logger - INFO - 146,장민호 드라마 최종회
2022-03-03 17:57:50,324 - movie_logger - INFO - 147,장민호 드라마 최종회
2022-03-03 17:57:50,367 - movie_logger - INFO - 148,장민호 드라마 최종회
2022-03-03 17:57:50,410 - movie_logger - INFO - 149,장민호 드라마 최종회
2022-03-03 17:57:50,452 - movie_logger - INFO - 150,장민호 드라마 최종회
2022-03-03 17:57:50,589 - movie_logger - INFO - 다음 페이지 클릭
2022-03-03 17:57:50,641 - movie_logger - INFO - 151,장민호 드라마 최종회
2022-03-03 17:57:50,684 - movie_logger - INFO - 152,장민호 드라마 최종회
2022-03-03 17:57:50,725 - movie_logger - INFO - 153,장민호 드라마 최종회
2022-03-03 17:57:50,766 - movie_logger - INFO - 154,장민호 드라마 최종회
2022-03-03 17:57:50,806 - movie_logger - INFO - 155,장민호 드라마 최종회
2022-03-03 17:57:50,847 - movie_logger - INFO - 156,장민호 드라마 최종회
2022-03-03 17:57:50,888 - movie_logger - INFO - 157,장민호 드라마 최종회
2022-03-03 17:57:50,933 - movie_logger - INFO - 158,장민호 드라마 최종회
2022-03-03 17:57:50,978 - movie_logger - INFO - 159,장민호 드라마 최종회
2022-03-03 17:57:51,020 - movie_logger - INFO - 160,장민호 드라마 최종회
2022-03-03 17:57:51,154 - movie_logger - INFO - 다음 페이지 클릭
2022-03-03 17:57:51,207 - movie_logger - INFO - 161,장민호 드라마 최종회
2022-03-03 17:57:51,253 - movie_logger - INFO - 162,장민호 드라마 최종회
2022-03-03 17:57:51,295 - movie_logger - INFO - 163,장민호 드라마 최종회
2022-03-03 17:57:51,336 - movie_logger - INFO - 164,장민호 드라마 최종회
2022-03-03 17:57:51,378 - movie_logger - INFO - 165,장민호 드라마 최종회
2022-03-03 17:57:51,419 - movie_logger - INFO - 166,장민호 드라마 최종회
2022-03-03 17:57:51,462 - movie_logger - INFO - 167,장민호 드라마 최종회
2022-03-03 17:57:51,506 - movie_logger - INFO - 168,장민호 드라마 최종회
2022-03-03 17:57:51,550 - movie_logger - INFO - 169,장민호 드라마 최종회
2022-03-03 17:57:51,592 - movie_logger - INFO - 170,장민호 드라마 최종회
2022-03-03 17:57:51,725 - movie_logger - INFO - 다음 페이지 클릭
2022-03-03 17:57:51,779 - movie_logger - INFO - 171,장민호 드라마 최종회
2022-03-03 17:57:51,822 - movie_logger - INFO - 172,장민호 드라마 최종회
2022-03-03 17:57:51,864 - movie_logger - INFO - 173,장민호 드라마 최종회
2022-03-03 17:57:51,905 - movie_logger - INFO - 174,장민호 드라마 최종회
2022-03-03 17:57:51,947 - movie_logger - INFO - 175,장민호 드라마 최종회
2022-03-03 17:57:51,992 - movie_logger - INFO - 176,장민호 드라마 최종회
2022-03-03 17:57:52,038 - movie_logger - INFO - 177,장민호 드라마 최종회
2022-03-03 17:57:52,083 - movie_logger - INFO - 178,장민호 드라마 최종회
2022-03-03 17:57:52,128 - movie_logger - INFO - 179,장민호 드라마 최종회
2022-03-03 17:57:52,170 - movie_logger - INFO - 180,장민호 드라마 최종회
2022-03-03 17:57:52,303 - movie_logger - INFO - 다음 페이지 클릭
2022-03-03 17:57:52,353 - movie_logger - INFO - 181,장민호 드라마 최종회
2022-03-03 17:57:52,398 - movie_logger - INFO - 182,장민호 드라마 최종회
2022-03-03 17:57:52,441 - movie_logger - INFO - 183,장민호 드라마 최종회
2022-03-03 17:57:52,485 - movie_logger - INFO - 184,장민호 드라마 최종회
2022-03-03 17:57:52,530 - movie_logger - INFO - 185,장민호 드라마 최종회
2022-03-03 17:57:52,571 - movie_logger - INFO - 186,장민호 드라마 최종회
2022-03-03 17:57:52,614 - movie_logger - INFO - 187,장민호 드라마 최종회
2022-03-03 17:57:52,658 - movie_logger - INFO - 188,장민호 드라마 최종회
2022-03-03 17:57:52,705 - movie_logger - INFO - 189,장민호 드라마 최종회
2022-03-03 17:57:52,749 - movie_logger - INFO - 190,장민호 드라마 최종회
2022-03-03 17:57:52,874 - movie_logger - INFO - 다음 페이지 클릭
2022-03-03 17:57:52,927 - movie_logger - INFO - 191,장민호 드라마 최종회
2022-03-03 17:57:52,971 - movie_logger - INFO - 192,장민호 드라마 최종회
2022-03-03 17:57:53,013 - movie_logger - INFO - 193,장민호 드라마 최종회
2022-03-03 17:57:53,056 - movie_logger - INFO - 194,장민호 드라마 최종회
2022-03-03 17:57:53,098 - movie_logger - INFO - 195,장민호 드라마 최종회
2022-03-03 17:57:53,142 - movie_logger - INFO - 196,장민호 드라마 최종회
2022-03-03 17:57:53,188 - movie_logger - INFO - 197,장민호 드라마 최종회
2022-03-03 17:57:53,232 - movie_logger - INFO - 198,장민호 드라마 최종회
2022-03-03 17:57:53,277 - movie_logger - INFO - 199,장민호 드라마 최종회
2022-03-03 17:57:53,320 - movie_logger - INFO - 200,장민호 드라마 최종회
2022-03-03 17:57:53,451 - movie_logger - INFO - 다음 페이지 클릭
2022-03-03 17:57:53,503 - movie_logger - INFO - 201,장민호 드라마 최종회
2022-03-03 17:57:53,550 - movie_logger - INFO - 202,장민호 드라마 최종회
2022-03-03 17:57:53,596 - movie_logger - INFO - 203,장민호 드라마 최종회
2022-03-03 17:57:53,640 - movie_logger - INFO - 204,장민호 드라마 최종회
2022-03-03 17:57:53,683 - movie_logger - INFO - 205,장민호 드라마 최종회
2022-03-03 17:57:53,728 - movie_logger - INFO - 206,장민호 드라마 최종회
2022-03-03 17:57:53,774 - movie_logger - INFO - 207,장민호 드라마 최종회
2022-03-03 17:57:53,819 - movie_logger - INFO - 208,장민호 드라마 최종회
2022-03-03 17:57:53,863 - movie_logger - INFO - 209,장민호 드라마 최종회
2022-03-03 17:57:53,906 - movie_logger - INFO - 210,장민호 드라마 최종회
2022-03-03 17:57:54,053 - movie_logger - INFO - 다음 페이지 클릭
2022-03-03 17:57:54,107 - movie_logger - INFO - 211,장민호 드라마 최종회
2022-03-03 17:57:54,149 - movie_logger - INFO - 212,장민호 드라마 최종회
2022-03-03 17:57:54,193 - movie_logger - INFO - 213,장민호 드라마 최종회
2022-03-03 17:57:54,234 - movie_logger - INFO - 214,장민호 드라마 최종회
2022-03-03 17:57:54,278 - movie_logger - INFO - 215,장민호 드라마 최종회
2022-03-03 17:57:54,321 - movie_logger - INFO - 216,장민호 드라마 최종회
2022-03-03 17:57:54,369 - movie_logger - INFO - 217,장민호 드라마 최종회
2022-03-03 17:57:54,413 - movie_logger - INFO - 218,장민호 드라마 최종회
2022-03-03 17:57:54,457 - movie_logger - INFO - 219,장민호 드라마 최종회
2022-03-03 17:57:54,500 - movie_logger - INFO - 220,장민호 드라마 최종회
2022-03-03 17:57:54,629 - movie_logger - INFO - 다음 페이지 클릭
2022-03-03 17:57:54,683 - movie_logger - INFO - 221,장민호 드라마 최종회
2022-03-03 17:57:54,728 - movie_logger - INFO - 222,장민호 드라마 최종회
2022-03-03 17:57:54,773 - movie_logger - INFO - 223,장민호 드라마 최종회
2022-03-03 17:57:54,817 - movie_logger - INFO - 224,장민호 드라마 최종회
2022-03-03 17:57:54,860 - movie_logger - INFO - 225,장민호 드라마 최종회
2022-03-03 17:57:54,904 - movie_logger - INFO - 226,장민호 드라마 최종회
2022-03-03 17:57:54,955 - movie_logger - INFO - 227,장민호 드라마 최종회
2022-03-03 17:57:55,001 - movie_logger - INFO - 228,장민호 드라마 최종회
2022-03-03 17:57:55,045 - movie_logger - INFO - 229,장민호 드라마 최종회
2022-03-03 17:57:55,091 - movie_logger - INFO - 230,장민호 드라마 최종회
2022-03-03 17:57:55,223 - movie_logger - INFO - 다음 페이지 클릭
2022-03-03 17:57:55,275 - movie_logger - INFO - 231,장민호 드라마 최종회
2022-03-03 17:57:55,320 - movie_logger - INFO - 232,장민호 드라마 최종회
2022-03-03 17:57:55,365 - movie_logger - INFO - 233,장민호 드라마 최종회
2022-03-03 17:57:55,410 - movie_logger - INFO - 234,장민호 드라마 최종회
2022-03-03 17:57:55,455 - movie_logger - INFO - 235,장민호 드라마 최종회
2022-03-03 17:57:55,500 - movie_logger - INFO - 236,장민호 드라마 최종회
2022-03-03 17:57:55,545 - movie_logger - INFO - 237,장민호 드라마 최종회
2022-03-03 17:57:55,591 - movie_logger - INFO - 238,장민호 드라마 최종회
2022-03-03 17:57:55,637 - movie_logger - INFO - 239,장민호 드라마 최종회
2022-03-03 17:57:55,681 - movie_logger - INFO - 240,장민호 드라마 최종회
2022-03-03 17:57:55,819 - movie_logger - INFO - 다음 페이지 클릭
2022-03-03 17:57:55,872 - movie_logger - INFO - 241,장민호 드라마 최종회
2022-03-03 17:57:55,919 - movie_logger - INFO - 242,장민호 드라마 최종회
2022-03-03 17:57:55,963 - movie_logger - INFO - 243,장민호 드라마 최종회
2022-03-03 17:57:56,007 - movie_logger - INFO - 244,장민호 드라마 최종회
2022-03-03 17:57:56,050 - movie_logger - INFO - 245,장민호 드라마 최종회
2022-03-03 17:57:56,096 - movie_logger - INFO - 246,장민호 드라마 최종회
2022-03-03 17:57:56,145 - movie_logger - INFO - 247,장민호 드라마 최종회
2022-03-03 17:57:56,190 - movie_logger - INFO - 248,장민호 드라마 최종회
2022-03-03 17:57:56,235 - movie_logger - INFO - 249,장민호 드라마 최종회
2022-03-03 17:57:56,279 - movie_logger - INFO - 250,장민호 드라마 최종회
2022-03-03 17:57:56,416 - movie_logger - INFO - 다음 페이지 클릭
2022-03-03 17:57:56,472 - movie_logger - INFO - 251,장민호 드라마 최종회
2022-03-03 17:57:56,519 - movie_logger - INFO - 252,장민호 드라마 최종회
2022-03-03 17:57:56,564 - movie_logger - INFO - 253,장민호 드라마 최종회
2022-03-03 17:57:56,609 - movie_logger - INFO - 254,장민호 드라마 최종회
2022-03-03 17:57:56,654 - movie_logger - INFO - 255,장민호 드라마 최종회
2022-03-03 17:57:56,699 - movie_logger - INFO - 256,장민호 드라마 최종회
2022-03-03 17:57:56,746 - movie_logger - INFO - 257,장민호 드라마 최종회
2022-03-03 17:57:56,792 - movie_logger - INFO - 258,장민호 드라마 최종회
2022-03-03 17:57:56,839 - movie_logger - INFO - 259,장민호 드라마 최종회
2022-03-03 17:57:56,886 - movie_logger - INFO - 260,장민호 드라마 최종회
2022-03-03 17:57:57,021 - movie_logger - INFO - 다음 페이지 클릭
2022-03-03 17:57:57,074 - movie_logger - INFO - 261,장민호 드라마 최종회
2022-03-03 17:57:57,122 - movie_logger - INFO - 262,장민호 드라마 최종회
2022-03-03 17:57:57,166 - movie_logger - INFO - 263,장민호 드라마 최종회
2022-03-03 17:57:57,212 - movie_logger - INFO - 264,장민호 드라마 최종회
2022-03-03 17:57:57,256 - movie_logger - INFO - 265,장민호 드라마 최종회
2022-03-03 17:57:57,300 - movie_logger - INFO - 266,장민호 드라마 최종회
2022-03-03 17:57:57,348 - movie_logger - INFO - 267,장민호 드라마 최종회
2022-03-03 17:57:57,401 - movie_logger - INFO - 268,장민호 드라마 최종회
2022-03-03 17:57:57,447 - movie_logger - INFO - 269,장민호 드라마 최종회
2022-03-03 17:57:57,492 - movie_logger - INFO - 270,장민호 드라마 최종회
2022-03-03 17:57:57,636 - movie_logger - INFO - 다음 페이지 클릭
2022-03-03 17:57:57,693 - movie_logger - INFO - 271,장민호 드라마 최종회
2022-03-03 17:57:57,739 - movie_logger - INFO - 272,장민호 드라마 최종회
2022-03-03 17:57:57,784 - movie_logger - INFO - 273,장민호 드라마 최종회
2022-03-03 17:57:57,828 - movie_logger - INFO - 274,장민호 드라마 최종회
2022-03-03 17:57:57,874 - movie_logger - INFO - 275,장민호 드라마 최종회
2022-03-03 17:57:57,921 - movie_logger - INFO - 276,장민호 드라마 최종회
2022-03-03 17:57:57,968 - movie_logger - INFO - 277,장민호 드라마 최종회
2022-03-03 17:57:58,016 - movie_logger - INFO - 278,장민호 드라마 최종회
2022-03-03 17:57:58,063 - movie_logger - INFO - 279,장민호 드라마 최종회
2022-03-03 17:57:58,107 - movie_logger - INFO - 280,장민호 드라마 최종회
2022-03-03 17:57:58,241 - movie_logger - INFO - 다음 페이지 클릭
2022-03-03 17:57:58,294 - movie_logger - INFO - 281,장민호 드라마 최종회
2022-03-03 17:57:58,343 - movie_logger - INFO - 282,장민호 드라마 최종회
2022-03-03 17:57:58,388 - movie_logger - INFO - 283,장민호 드라마 최종회
2022-03-03 17:57:58,434 - movie_logger - INFO - 284,장민호 드라마 최종회
2022-03-03 17:57:58,481 - movie_logger - INFO - 285,장민호 드라마 최종회
2022-03-03 17:57:58,527 - movie_logger - INFO - 286,장민호 드라마 최종회
2022-03-03 17:57:58,577 - movie_logger - INFO - 287,장민호 드라마 최종회
2022-03-03 17:57:58,626 - movie_logger - INFO - 288,장민호 드라마 최종회
2022-03-03 17:57:58,672 - movie_logger - INFO - 289,장민호 드라마 최종회
2022-03-03 17:57:58,717 - movie_logger - INFO - 290,장민호 드라마 최종회
2022-03-03 17:57:58,854 - movie_logger - INFO - 다음 페이지 클릭
2022-03-03 17:57:58,909 - movie_logger - INFO - 291,장민호 드라마 최종회
2022-03-03 17:57:58,957 - movie_logger - INFO - 292,장민호 드라마 최종회
2022-03-03 17:57:59,004 - movie_logger - INFO - 293,장민호 드라마 최종회
2022-03-03 17:57:59,049 - movie_logger - INFO - 294,장민호 드라마 최종회
2022-03-03 17:57:59,095 - movie_logger - INFO - 295,장민호 드라마 최종회
2022-03-03 17:57:59,142 - movie_logger - INFO - 296,장민호 드라마 최종회
2022-03-03 17:57:59,190 - movie_logger - INFO - 297,장민호 드라마 최종회
2022-03-03 17:57:59,238 - movie_logger - INFO - 298,장민호 드라마 최종회
2022-03-03 17:57:59,285 - movie_logger - INFO - 299,장민호 드라마 최종회
2022-03-03 17:57:59,334 - movie_logger - INFO - 300,장민호 드라마 최종회
2022-03-03 17:57:59,466 - movie_logger - INFO - 다음 페이지 클릭
2022-03-03 17:57:59,520 - movie_logger - INFO - 301,장민호 드라마 최종회
2022-03-03 17:57:59,566 - movie_logger - INFO - 302,장민호 드라마 최종회
2022-03-03 17:57:59,615 - movie_logger - INFO - 303,장민호 드라마 최종회
2022-03-03 17:57:59,663 - movie_logger - INFO - 304,장민호 드라마 최종회
2022-03-03 17:57:59,710 - movie_logger - INFO - 305,장민호 드라마 최종회
2022-03-03 17:57:59,757 - movie_logger - INFO - 306,장민호 드라마 최종회
2022-03-03 17:57:59,807 - movie_logger - INFO - 307,장민호 드라마 최종회
2022-03-03 17:57:59,855 - movie_logger - INFO - 308,장민호 드라마 최종회
2022-03-03 17:57:59,901 - movie_logger - INFO - 309,장민호 드라마 최종회
2022-03-03 17:57:59,947 - movie_logger - INFO - 310,장민호 드라마 최종회
2022-03-03 17:58:00,082 - movie_logger - INFO - 다음 페이지 클릭
2022-03-03 17:58:00,137 - movie_logger - INFO - 311,장민호 드라마 최종회
2022-03-03 17:58:00,184 - movie_logger - INFO - 312,장민호 드라마 최종회
2022-03-03 17:58:00,231 - movie_logger - INFO - 313,장민호 드라마 최종회
2022-03-03 17:58:00,277 - movie_logger - INFO - 314,장민호 드라마 최종회
2022-03-03 17:58:00,322 - movie_logger - INFO - 315,장민호 드라마 최종회
2022-03-03 17:58:00,370 - movie_logger - INFO - 316,장민호 드라마 최종회
2022-03-03 17:58:00,421 - movie_logger - INFO - 317,장민호 드라마 최종회
2022-03-03 17:58:00,470 - movie_logger - INFO - 318,장민호 드라마 최종회
2022-03-03 17:58:00,517 - movie_logger - INFO - 319,장민호 드라마 최종회
2022-03-03 17:58:00,564 - movie_logger - INFO - 320,장민호 드라마 최종회
2022-03-03 17:58:00,691 - movie_logger - INFO - 다음 페이지 클릭
2022-03-03 17:58:00,751 - movie_logger - INFO - 321,장민호 드라마 최종회
2022-03-03 17:58:00,802 - movie_logger - INFO - 322,장민호 드라마 최종회
2022-03-03 17:58:00,849 - movie_logger - INFO - 323,장민호 드라마 최종회
2022-03-03 17:58:00,895 - movie_logger - INFO - 324,장민호 드라마 최종회
2022-03-03 17:58:00,941 - movie_logger - INFO - 325,장민호 드라마 최종회
2022-03-03 17:58:00,990 - movie_logger - INFO - 326,장민호 드라마 최종회
2022-03-03 17:58:01,041 - movie_logger - INFO - 327,장민호 드라마 최종회
2022-03-03 17:58:01,090 - movie_logger - INFO - 328,장민호 드라마 최종회
2022-03-03 17:58:01,137 - movie_logger - INFO - 329,장민호 드라마 최종회
2022-03-03 17:58:01,186 - movie_logger - INFO - 330,장민호 드라마 최종회
2022-03-03 17:58:01,316 - movie_logger - INFO - 다음 페이지 클릭
2022-03-03 17:58:01,372 - movie_logger - INFO - 331,장민호 드라마 최종회
2022-03-03 17:58:01,422 - movie_logger - INFO - 332,장민호 드라마 최종회
2022-03-03 17:58:01,468 - movie_logger - INFO - 333,장민호 드라마 최종회
2022-03-03 17:58:01,516 - movie_logger - INFO - 334,장민호 드라마 최종회
2022-03-03 17:58:01,562 - movie_logger - INFO - 335,장민호 드라마 최종회
2022-03-03 17:58:01,610 - movie_logger - INFO - 336,장민호 드라마 최종회
2022-03-03 17:58:01,659 - movie_logger - INFO - 337,장민호 드라마 최종회
2022-03-03 17:58:01,709 - movie_logger - INFO - 338,장민호 드라마 최종회
2022-03-03 17:58:01,758 - movie_logger - INFO - 339,장민호 드라마 최종회
2022-03-03 17:58:01,805 - movie_logger - INFO - 340,장민호 드라마 최종회
2022-03-03 17:58:01,949 - movie_logger - INFO - 다음 페이지 클릭
2022-03-03 17:58:02,004 - movie_logger - INFO - 341,장민호 드라마 최종회
2022-03-03 17:58:02,051 - movie_logger - INFO - 342,장민호 드라마 최종회
2022-03-03 17:58:02,099 - movie_logger - INFO - 343,장민호 드라마 최종회
2022-03-03 17:58:02,145 - movie_logger - INFO - 344,장민호 드라마 최종회
2022-03-03 17:58:02,193 - movie_logger - INFO - 345,장민호 드라마 최종회
2022-03-03 17:58:02,245 - movie_logger - INFO - 346,장민호 드라마 최종회
2022-03-03 17:58:02,296 - movie_logger - INFO - 347,장민호 드라마 최종회
2022-03-03 17:58:02,344 - movie_logger - INFO - 348,장민호 드라마 최종회
2022-03-03 17:58:02,392 - movie_logger - INFO - 349,장민호 드라마 최종회
2022-03-03 17:58:02,439 - movie_logger - INFO - 350,장민호 드라마 최종회
2022-03-03 17:58:02,583 - movie_logger - INFO - 다음 페이지 클릭
2022-03-03 17:58:02,640 - movie_logger - INFO - 351,장민호 드라마 최종회
2022-03-03 17:58:02,688 - movie_logger - INFO - 352,장민호 드라마 최종회
2022-03-03 17:58:02,735 - movie_logger - INFO - 353,장민호 드라마 최종회
2022-03-03 17:58:02,783 - movie_logger - INFO - 354,장민호 드라마 최종회
2022-03-03 17:58:02,831 - movie_logger - INFO - 355,장민호 드라마 최종회
2022-03-03 17:58:02,879 - movie_logger - INFO - 356,장민호 드라마 최종회
2022-03-03 17:58:02,929 - movie_logger - INFO - 357,장민호 드라마 최종회
2022-03-03 17:58:02,978 - movie_logger - INFO - 358,장민호 드라마 최종회
2022-03-03 17:58:03,030 - movie_logger - INFO - 359,장민호 드라마 최종회
2022-03-03 17:58:03,078 - movie_logger - INFO - 360,장민호 드라마 최종회
2022-03-03 17:58:03,216 - movie_logger - INFO - 다음 페이지 클릭
2022-03-03 17:58:03,274 - movie_logger - INFO - 361,장민호 드라마 최종회
2022-03-03 17:58:03,324 - movie_logger - INFO - 362,장민호 드라마 최종회
2022-03-03 17:58:03,374 - movie_logger - INFO - 363,장민호 드라마 최종회
2022-03-03 17:58:03,421 - movie_logger - INFO - 364,장민호 드라마 최종회
2022-03-03 17:58:03,469 - movie_logger - INFO - 365,장민호 드라마 최종회
2022-03-03 17:58:03,517 - movie_logger - INFO - 366,장민호 드라마 최종회
2022-03-03 17:58:03,568 - movie_logger - INFO - 367,장민호 드라마 최종회
2022-03-03 17:58:03,616 - movie_logger - INFO - 368,장민호 드라마 최종회
2022-03-03 17:58:03,663 - movie_logger - INFO - 369,장민호 드라마 최종회
2022-03-03 17:58:03,711 - movie_logger - INFO - 370,장민호 드라마 최종회
2022-03-03 17:58:03,849 - movie_logger - INFO - 다음 페이지 클릭
2022-03-03 17:58:03,908 - movie_logger - INFO - 371,장민호 드라마 최종회
2022-03-03 17:58:03,957 - movie_logger - INFO - 372,장민호 드라마 최종회
2022-03-03 17:58:04,005 - movie_logger - INFO - 373,장민호 드라마 최종회
2022-03-03 17:58:04,053 - movie_logger - INFO - 374,장민호 드라마 최종회
2022-03-03 17:58:04,100 - movie_logger - INFO - 375,장민호 드라마 최종회
2022-03-03 17:58:04,153 - movie_logger - INFO - 376,장민호 드라마 최종회
2022-03-03 17:58:04,206 - movie_logger - INFO - 377,장민호 드라마 최종회
2022-03-03 17:58:04,256 - movie_logger - INFO - 378,장민호 드라마 최종회
2022-03-03 17:58:04,304 - movie_logger - INFO - 379,장민호 드라마 최종회
2022-03-03 17:58:04,352 - movie_logger - INFO - 380,장민호 드라마 최종회
2022-03-03 17:58:04,484 - movie_logger - INFO - 다음 페이지 클릭
2022-03-03 17:58:04,542 - movie_logger - INFO - 381,장민호 드라마 최종회
2022-03-03 17:58:04,592 - movie_logger - INFO - 382,장민호 드라마 최종회
2022-03-03 17:58:04,641 - movie_logger - INFO - 383,장민호 드라마 최종회
2022-03-03 17:58:04,690 - movie_logger - INFO - 384,장민호 드라마 최종회
2022-03-03 17:58:04,739 - movie_logger - INFO - 385,장민호 드라마 최종회
2022-03-03 17:58:04,788 - movie_logger - INFO - 386,장민호 드라마 최종회
2022-03-03 17:58:04,839 - movie_logger - INFO - 387,장민호 드라마 최종회
2022-03-03 17:58:04,891 - movie_logger - INFO - 388,장민호 드라마 최종회
2022-03-03 17:58:04,942 - movie_logger - INFO - 389,장민호 드라마 최종회
2022-03-03 17:58:04,992 - movie_logger - INFO - 390,장민호 드라마 최종회
2022-03-03 17:58:05,135 - movie_logger - INFO - 다음 페이지 클릭
2022-03-03 17:58:05,192 - movie_logger - INFO - 391,장민호 드라마 최종회
2022-03-03 17:58:05,248 - movie_logger - INFO - 392,장민호 드라마 최종회
2022-03-03 17:58:05,298 - movie_logger - INFO - 393,장민호 드라마 최종회
2022-03-03 17:58:05,346 - movie_logger - INFO - 394,장민호 드라마 최종회
2022-03-03 17:58:05,395 - movie_logger - INFO - 395,장민호 드라마 최종회
2022-03-03 17:58:05,446 - movie_logger - INFO - 396,장민호 드라마 최종회
2022-03-03 17:58:05,497 - movie_logger - INFO - 397,장민호 드라마 최종회
2022-03-03 17:58:05,547 - movie_logger - INFO - 398,장민호 드라마 최종회
2022-03-03 17:58:05,596 - movie_logger - INFO - 399,장민호 드라마 최종회
2022-03-03 17:58:05,645 - movie_logger - INFO - 400,장민호 드라마 최종회
2022-03-03 17:58:05,780 - movie_logger - INFO - 다음 페이지 클릭
2022-03-03 17:58:05,841 - movie_logger - INFO - 401,장민호 드라마 최종회
2022-03-03 17:58:05,895 - movie_logger - INFO - 402,장민호 드라마 최종회
2022-03-03 17:58:05,945 - movie_logger - INFO - 403,장민호 드라마 최종회
2022-03-03 17:58:05,996 - movie_logger - INFO - 404,장민호 드라마 최종회
2022-03-03 17:58:06,045 - movie_logger - INFO - 405,장민호 드라마 최종회
2022-03-03 17:58:06,099 - movie_logger - INFO - 406,장민호 드라마 최종회
2022-03-03 17:58:06,150 - movie_logger - INFO - 407,장민호 드라마 최종회
2022-03-03 17:58:06,201 - movie_logger - INFO - 408,장민호 드라마 최종회
2022-03-03 17:58:06,250 - movie_logger - INFO - 409,장민호 드라마 최종회
2022-03-03 17:58:06,299 - movie_logger - INFO - 410,장민호 드라마 최종회
2022-03-03 17:58:06,436 - movie_logger - INFO - 다음 페이지 클릭
2022-03-03 17:58:06,497 - movie_logger - INFO - 411,장민호 드라마 최종회
2022-03-03 17:58:06,549 - movie_logger - INFO - 412,장민호 드라마 최종회
2022-03-03 17:58:06,600 - movie_logger - INFO - 413,장민호 드라마 최종회
2022-03-03 17:58:06,649 - movie_logger - INFO - 414,장민호 드라마 최종회
2022-03-03 17:58:06,698 - movie_logger - INFO - 415,장민호 드라마 최종회
2022-03-03 17:58:06,749 - movie_logger - INFO - 416,장민호 드라마 최종회
2022-03-03 17:58:06,801 - movie_logger - INFO - 417,장민호 드라마 최종회
2022-03-03 17:58:06,853 - movie_logger - INFO - 418,장민호 드라마 최종회
2022-03-03 17:58:06,904 - movie_logger - INFO - 419,장민호 드라마 최종회
2022-03-03 17:58:06,954 - movie_logger - INFO - 420,장민호 드라마 최종회
2022-03-03 17:58:07,089 - movie_logger - INFO - 다음 페이지 클릭
2022-03-03 17:58:07,153 - movie_logger - INFO - 421,장민호 드라마 최종회
2022-03-03 17:58:07,203 - movie_logger - INFO - 422,장민호 드라마 최종회
2022-03-03 17:58:07,254 - movie_logger - INFO - 423,장민호 드라마 최종회
2022-03-03 17:58:07,305 - movie_logger - INFO - 424,장민호 드라마 최종회
2022-03-03 17:58:07,355 - movie_logger - INFO - 425,장민호 드라마 최종회
2022-03-03 17:58:07,406 - movie_logger - INFO - 426,장민호 드라마 최종회
2022-03-03 17:58:07,460 - movie_logger - INFO - 427,장민호 드라마 최종회
2022-03-03 17:58:07,512 - movie_logger - INFO - 428,장민호 드라마 최종회
2022-03-03 17:58:07,567 - movie_logger - INFO - 429,장민호 드라마 최종회
2022-03-03 17:58:07,619 - movie_logger - INFO - 430,장민호 드라마 최종회
2022-03-03 17:58:07,751 - movie_logger - INFO - 다음 페이지 클릭
2022-03-03 17:58:07,810 - movie_logger - INFO - 431,장민호 드라마 최종회
2022-03-03 17:58:07,868 - movie_logger - INFO - 432,장민호 드라마 최종회
2022-03-03 17:58:07,921 - movie_logger - INFO - 433,장민호 드라마 최종회
2022-03-03 17:58:07,972 - movie_logger - INFO - 434,장민호 드라마 최종회
2022-03-03 17:58:08,024 - movie_logger - INFO - 435,장민호 드라마 최종회
2022-03-03 17:58:08,074 - movie_logger - INFO - 436,장민호 드라마 최종회
2022-03-03 17:58:08,126 - movie_logger - INFO - 437,장민호 드라마 최종회
2022-03-03 17:58:08,181 - movie_logger - INFO - 438,장민호 드라마 최종회
2022-03-03 17:58:08,233 - movie_logger - INFO - 439,장민호 드라마 최종회
2022-03-03 17:58:08,284 - movie_logger - INFO - 440,장민호 드라마 최종회
2022-03-03 17:58:08,426 - movie_logger - INFO - 다음 페이지 클릭
2022-03-03 17:58:08,491 - movie_logger - INFO - 441,장민호 드라마 최종회
2022-03-03 17:58:08,542 - movie_logger - INFO - 442,장민호 드라마 최종회
2022-03-03 17:58:08,593 - movie_logger - INFO - 443,장민호 드라마 최종회
2022-03-03 17:58:08,645 - movie_logger - INFO - 444,장민호 드라마 최종회
2022-03-03 17:58:08,699 - movie_logger - INFO - 445,장민호 드라마 최종회
2022-03-03 17:58:08,758 - movie_logger - INFO - 446,장민호 드라마 최종회
2022-03-03 17:58:08,810 - movie_logger - INFO - 447,장민호 드라마 최종회
2022-03-03 17:58:08,865 - movie_logger - INFO - 448,장민호 드라마 최종회
2022-03-03 17:58:08,916 - movie_logger - INFO - 449,장민호 드라마 최종회
2022-03-03 17:58:08,968 - movie_logger - INFO - 450,장민호 드라마 최종회
2022-03-03 17:58:09,100 - movie_logger - INFO - 다음 페이지 클릭
2022-03-03 17:58:09,162 - movie_logger - INFO - 451,장민호 드라마 최종회
2022-03-03 17:58:09,216 - movie_logger - INFO - 452,장민호 드라마 최종회
2022-03-03 17:58:09,267 - movie_logger - INFO - 453,장민호 드라마 최종회
2022-03-03 17:58:09,318 - movie_logger - INFO - 454,장민호 드라마 최종회
2022-03-03 17:58:09,369 - movie_logger - INFO - 455,장민호 드라마 최종회
2022-03-03 17:58:09,421 - movie_logger - INFO - 456,장민호 드라마 최종회
2022-03-03 17:58:09,474 - movie_logger - INFO - 457,장민호 드라마 최종회
2022-03-03 17:58:09,526 - movie_logger - INFO - 458,장민호 드라마 최종회
2022-03-03 17:58:09,575 - movie_logger - INFO - 459,장민호 드라마 최종회
2022-03-03 17:58:09,626 - movie_logger - INFO - 460,장민호 드라마 최종회
2022-03-03 17:58:09,765 - movie_logger - INFO - 다음 페이지 클릭
2022-03-03 17:58:09,828 - movie_logger - INFO - 461,장민호 드라마 최종회
2022-03-03 17:58:09,882 - movie_logger - INFO - 462,장민호 드라마 최종회
2022-03-03 17:58:09,936 - movie_logger - INFO - 463,장민호 드라마 최종회
2022-03-03 17:58:09,986 - movie_logger - INFO - 464,장민호 드라마 최종회
2022-03-03 17:58:10,037 - movie_logger - INFO - 465,장민호 드라마 최종회
2022-03-03 17:58:10,088 - movie_logger - INFO - 466,장민호 드라마 최종회
2022-03-03 17:58:10,141 - movie_logger - INFO - 467,장민호 드라마 최종회
2022-03-03 17:58:10,194 - movie_logger - INFO - 468,장민호 드라마 최종회
2022-03-03 17:58:10,249 - movie_logger - INFO - 469,장민호 드라마 최종회
2022-03-03 17:58:10,301 - movie_logger - INFO - 470,장민호 드라마 최종회
2022-03-03 17:58:10,439 - movie_logger - INFO - 다음 페이지 클릭
2022-03-03 17:58:10,500 - movie_logger - INFO - 471,장민호 드라마 최종회
2022-03-03 17:58:10,552 - movie_logger - INFO - 472,장민호 드라마 최종회
2022-03-03 17:58:10,604 - movie_logger - INFO - 473,장민호 드라마 최종회
2022-03-03 17:58:10,655 - movie_logger - INFO - 474,장민호 드라마 최종회
2022-03-03 17:58:10,705 - movie_logger - INFO - 475,장민호 드라마 최종회
2022-03-03 17:58:10,761 - movie_logger - INFO - 476,장민호 드라마 최종회
2022-03-03 17:58:10,816 - movie_logger - INFO - 477,장민호 드라마 최종회
2022-03-03 17:58:10,869 - movie_logger - INFO - 478,장민호 드라마 최종회
2022-03-03 17:58:10,923 - movie_logger - INFO - 479,장민호 드라마 최종회
2022-03-03 17:58:10,976 - movie_logger - INFO - 480,장민호 드라마 최종회
2022-03-03 17:58:11,109 - movie_logger - INFO - 다음 페이지 클릭
2022-03-03 17:58:11,173 - movie_logger - INFO - 481,장민호 드라마 최종회
2022-03-03 17:58:11,230 - movie_logger - INFO - 482,장민호 드라마 최종회
2022-03-03 17:58:11,283 - movie_logger - INFO - 483,장민호 드라마 최종회
2022-03-03 17:58:11,334 - movie_logger - INFO - 484,장민호 드라마 최종회
2022-03-03 17:58:11,387 - movie_logger - INFO - 485,장민호 드라마 최종회
2022-03-03 17:58:11,438 - movie_logger - INFO - 486,장민호 드라마 최종회
2022-03-03 17:58:11,495 - movie_logger - INFO - 487,장민호 드라마 최종회
2022-03-03 17:58:11,556 - movie_logger - INFO - 488,장민호 드라마 최종회
2022-03-03 17:58:11,612 - movie_logger - INFO - 489,장민호 드라마 최종회
2022-03-03 17:58:11,664 - movie_logger - INFO - 490,장민호 드라마 최종회
2022-03-03 17:58:11,801 - movie_logger - INFO - 다음 페이지 클릭
2022-03-03 17:58:11,862 - movie_logger - INFO - 491,장민호 드라마 최종회
2022-03-03 17:58:11,915 - movie_logger - INFO - 492,장민호 드라마 최종회
2022-03-03 17:58:11,968 - movie_logger - INFO - 493,장민호 드라마 최종회
2022-03-03 17:58:12,021 - movie_logger - INFO - 494,장민호 드라마 최종회
2022-03-03 17:58:12,074 - movie_logger - INFO - 495,장민호 드라마 최종회
2022-03-03 17:58:12,129 - movie_logger - INFO - 496,장민호 드라마 최종회
2022-03-03 17:58:12,181 - movie_logger - INFO - 497,장민호 드라마 최종회
2022-03-03 17:58:12,235 - movie_logger - INFO - 498,장민호 드라마 최종회
2022-03-03 17:58:12,288 - movie_logger - INFO - 499,장민호 드라마 최종회
2022-03-03 17:58:12,340 - movie_logger - INFO - 500,장민호 드라마 최종회
2022-03-03 17:58:12,475 - movie_logger - INFO - 다음 페이지 클릭
2022-03-03 17:58:12,541 - movie_logger - INFO - 501,장민호 드라마 최종회
2022-03-03 17:58:12,599 - movie_logger - INFO - 502,장민호 드라마 최종회
2022-03-03 17:58:12,650 - movie_logger - INFO - 503,장민호 드라마 최종회
2022-03-03 17:58:12,703 - movie_logger - INFO - 504,장민호 드라마 최종회
2022-03-03 17:58:12,755 - movie_logger - INFO - 505,장민호 드라마 최종회
2022-03-03 17:58:12,809 - movie_logger - INFO - 506,장민호 드라마 최종회
2022-03-03 17:58:12,864 - movie_logger - INFO - 507,장민호 드라마 최종회
2022-03-03 17:58:12,919 - movie_logger - INFO - 508,장민호 드라마 최종회
2022-03-03 17:58:12,973 - movie_logger - INFO - 509,장민호 드라마 최종회
2022-03-03 17:58:13,027 - movie_logger - INFO - 510,장민호 드라마 최종회
2022-03-03 17:58:13,165 - movie_logger - INFO - 다음 페이지 클릭
2022-03-03 17:58:13,228 - movie_logger - INFO - 511,장민호 드라마 최종회
2022-03-03 17:58:13,285 - movie_logger - INFO - 512,장민호 드라마 최종회
2022-03-03 17:58:13,346 - movie_logger - INFO - 513,장민호 드라마 최종회
2022-03-03 17:58:13,400 - movie_logger - INFO - 514,장민호 드라마 최종회
2022-03-03 17:58:13,454 - movie_logger - INFO - 515,장민호 드라마 최종회
2022-03-03 17:58:13,507 - movie_logger - INFO - 516,장민호 드라마 최종회
2022-03-03 17:58:13,562 - movie_logger - INFO - 517,장민호 드라마 최종회
2022-03-03 17:58:13,614 - movie_logger - INFO - 518,장민호 드라마 최종회
2022-03-03 17:58:13,670 - movie_logger - INFO - 519,장민호 드라마 최종회
2022-03-03 17:58:13,724 - movie_logger - INFO - 520,장민호 드라마 최종회
2022-03-03 17:58:13,868 - movie_logger - INFO - 다음 페이지 클릭
2022-03-03 17:58:13,929 - movie_logger - INFO - 521,장민호 드라마 최종회
2022-03-03 17:58:13,982 - movie_logger - INFO - 522,장민호 드라마 최종회
2022-03-03 17:58:14,037 - movie_logger - INFO - 523,장민호 드라마 최종회
2022-03-03 17:58:14,090 - movie_logger - INFO - 524,장민호 드라마 최종회
2022-03-03 17:58:14,142 - movie_logger - INFO - 525,장민호 드라마 최종회
2022-03-03 17:58:14,199 - movie_logger - INFO - 526,장민호 드라마 최종회
2022-03-03 17:58:14,258 - movie_logger - INFO - 527,장민호 드라마 최종회
2022-03-03 17:58:14,312 - movie_logger - INFO - 528,장민호 드라마 최종회
2022-03-03 17:58:14,363 - movie_logger - INFO - 529,장민호 드라마 최종회
2022-03-03 17:58:14,418 - movie_logger - INFO - 530,장민호 드라마 최종회
2022-03-03 17:58:14,553 - movie_logger - INFO - 다음 페이지 클릭
2022-03-03 17:58:14,614 - movie_logger - INFO - 531,장민호 드라마 최종회
2022-03-03 17:58:14,670 - movie_logger - INFO - 532,장민호 드라마 최종회
2022-03-03 17:58:14,723 - movie_logger - INFO - 533,장민호 드라마 최종회
2022-03-03 17:58:14,775 - movie_logger - INFO - 534,장민호 드라마 최종회
2022-03-03 17:58:14,829 - movie_logger - INFO - 535,장민호 드라마 최종회
2022-03-03 17:58:14,884 - movie_logger - INFO - 536,장민호 드라마 최종회
2022-03-03 17:58:14,938 - movie_logger - INFO - 537,장민호 드라마 최종회
2022-03-03 17:58:14,995 - movie_logger - INFO - 538,장민호 드라마 최종회
2022-03-03 17:58:15,049 - movie_logger - INFO - 539,장민호 드라마 최종회
2022-03-03 17:58:15,103 - movie_logger - INFO - 540,장민호 드라마 최종회
2022-03-03 17:58:15,238 - movie_logger - INFO - 다음 페이지 클릭
2022-03-03 17:58:15,304 - movie_logger - INFO - 541,장민호 드라마 최종회
2022-03-03 17:58:15,360 - movie_logger - INFO - 542,장민호 드라마 최종회
2022-03-03 17:58:15,416 - movie_logger - INFO - 543,장민호 드라마 최종회
2022-03-03 17:58:15,468 - movie_logger - INFO - 544,장민호 드라마 최종회
2022-03-03 17:58:15,522 - movie_logger - INFO - 545,장민호 드라마 최종회
2022-03-03 17:58:15,575 - movie_logger - INFO - 546,장민호 드라마 최종회
2022-03-03 17:58:15,631 - movie_logger - INFO - 547,장민호 드라마 최종회
2022-03-03 17:58:15,688 - movie_logger - INFO - 548,장민호 드라마 최종회
2022-03-03 17:58:15,746 - movie_logger - INFO - 549,장민호 드라마 최종회
2022-03-03 17:58:15,803 - movie_logger - INFO - 550,장민호 드라마 최종회
2022-03-03 17:58:15,936 - movie_logger - INFO - 다음 페이지 클릭
2022-03-03 17:58:15,999 - movie_logger - INFO - 551,장민호 드라마 최종회
2022-03-03 17:58:16,053 - movie_logger - INFO - 552,장민호 드라마 최종회
2022-03-03 17:58:16,108 - movie_logger - INFO - 553,장민호 드라마 최종회
2022-03-03 17:58:16,162 - movie_logger - INFO - 554,장민호 드라마 최종회
2022-03-03 17:58:16,217 - movie_logger - INFO - 555,장민호 드라마 최종회
2022-03-03 17:58:16,272 - movie_logger - INFO - 556,장민호 드라마 최종회
2022-03-03 17:58:16,327 - movie_logger - INFO - 557,장민호 드라마 최종회
2022-03-03 17:58:16,380 - movie_logger - INFO - 558,장민호 드라마 최종회
2022-03-03 17:58:16,435 - movie_logger - INFO - 559,장민호 드라마 최종회
2022-03-03 17:58:16,491 - movie_logger - INFO - 560,장민호 드라마 최종회
2022-03-03 17:58:16,632 - movie_logger - INFO - 다음 페이지 클릭
2022-03-03 17:58:16,696 - movie_logger - INFO - 561,장민호 드라마 최종회
2022-03-03 17:58:16,750 - movie_logger - INFO - 562,장민호 드라마 최종회
2022-03-03 17:58:16,804 - movie_logger - INFO - 563,장민호 드라마 최종회
2022-03-03 17:58:16,858 - movie_logger - INFO - 564,장민호 드라마 최종회
2022-03-03 17:58:16,915 - movie_logger - INFO - 565,장민호 드라마 최종회
2022-03-03 17:58:16,971 - movie_logger - INFO - 566,장민호 드라마 최종회
2022-03-03 17:58:17,026 - movie_logger - INFO - 567,장민호 드라마 최종회
2022-03-03 17:58:17,081 - movie_logger - INFO - 568,장민호 드라마 최종회
2022-03-03 17:58:17,138 - movie_logger - INFO - 569,장민호 드라마 최종회
2022-03-03 17:58:17,193 - movie_logger - INFO - 570,장민호 드라마 최종회
2022-03-03 17:58:17,353 - movie_logger - INFO - 다음 페이지 클릭
2022-03-03 17:58:17,420 - movie_logger - INFO - 571,장민호 드라마 최종회
2022-03-03 17:58:17,479 - movie_logger - INFO - 572,장민호 드라마 최종회
2022-03-03 17:58:17,535 - movie_logger - INFO - 573,장민호 드라마 최종회
2022-03-03 17:58:17,592 - movie_logger - INFO - 574,장민호 드라마 최종회
2022-03-03 17:58:17,652 - movie_logger - INFO - 575,장민호 드라마 최종회
2022-03-03 17:58:17,711 - movie_logger - INFO - 576,장민호 드라마 최종회
2022-03-03 17:58:17,770 - movie_logger - INFO - 577,장민호 드라마 최종회
2022-03-03 17:58:17,828 - movie_logger - INFO - 578,장민호 드라마 최종회
2022-03-03 17:58:17,885 - movie_logger - INFO - 579,장민호 드라마 최종회
2022-03-03 17:58:17,942 - movie_logger - INFO - 580,장민호 드라마 최종회
2022-03-03 17:58:18,074 - movie_logger - INFO - 다음 페이지 클릭
2022-03-03 17:58:18,147 - movie_logger - INFO - 581,장민호 드라마 최종회
2022-03-03 17:58:18,221 - movie_logger - INFO - 582,장민호 드라마 최종회
2022-03-03 17:58:18,228 - movie_logger - ERROR - 장민호 드라마 최종회 수집완료...
